TN:
SF:src/getAst.js
FN:3,getAst
FNF:1
FNH:1
FNDA:1,getAst
DA:1,1
DA:2,1
DA:3,1
DA:4,1
DA:5,1
DA:6,1
DA:7,5
DA:8,5
DA:9,5
DA:10,5
DA:11,2
DA:12,2
DA:13,2
DA:14,0
DA:15,0
DA:16,0
DA:17,0
DA:18,0
DA:19,2
DA:20,2
DA:21,0
DA:22,0
DA:23,0
DA:24,0
DA:25,0
DA:26,0
DA:27,2
DA:28,2
DA:29,1
DA:30,1
DA:31,1
DA:32,1
DA:33,1
DA:34,1
DA:35,1
DA:36,1
DA:37,1
DA:38,1
DA:39,1
DA:40,1
DA:41,5
DA:42,5
DA:43,2
DA:44,2
DA:45,2
DA:46,2
DA:47,2
DA:48,5
DA:49,1
DA:50,1
DA:51,1
DA:52,1
DA:53,1
DA:54,1
DA:55,1
DA:56,1
DA:57,1
LF:57
LH:46
BRDA:3,0,0,1
BRDA:6,1,0,5
BRDA:10,2,0,4
BRDA:10,3,0,2
BRDA:13,4,0,0
BRDA:13,5,0,0
BRDA:20,6,0,0
BRDA:28,7,0,1
BRDA:41,8,0,3
BRDA:42,9,0,2
BRDA:48,10,0,1
BRF:11
BRH:8
end_of_record
TN:
SF:src/index.js
FN:7,genDiff
FNF:1
FNH:1
FNDA:1,genDiff
DA:1,1
DA:2,1
DA:3,1
DA:4,1
DA:5,1
DA:6,1
DA:7,1
DA:8,1
DA:9,1
DA:10,1
DA:11,1
DA:12,1
DA:13,1
DA:14,1
DA:15,1
DA:16,1
DA:17,1
DA:18,1
DA:19,1
DA:20,1
DA:21,1
DA:22,1
LF:22
LH:22
BRDA:7,0,0,1
BRF:1
BRH:1
end_of_record
TN:
SF:src/parsers.js
FN:8,default
FNF:1
FNH:1
FNDA:2,default
DA:1,1
DA:2,1
DA:3,1
DA:4,1
DA:5,1
DA:6,1
DA:7,1
DA:8,1
LF:8
LH:8
BRDA:8,0,0,2
BRF:1
BRH:1
end_of_record
TN:
SF:src/renders/diffRender.js
FN:3,tab
FN:5,strignify
FN:19,render
FN:42,default
FNF:4
FNH:4
FNDA:6,tab
FNDA:6,strignify
FNDA:5,render
FNDA:1,default
DA:1,1
DA:2,1
DA:3,1
DA:4,1
DA:5,1
DA:6,6
DA:7,6
DA:8,6
DA:9,0
DA:10,0
DA:11,0
DA:12,0
DA:13,0
DA:14,0
DA:15,0
DA:16,0
DA:17,0
DA:18,1
DA:19,1
DA:20,5
DA:21,5
DA:22,5
DA:23,5
DA:24,5
DA:25,0
DA:26,0
DA:27,0
DA:28,5
DA:29,1
DA:30,5
DA:31,1
DA:32,1
DA:33,5
DA:34,2
DA:35,5
DA:36,1
DA:37,5
DA:38,0
DA:39,5
DA:40,1
DA:41,1
DA:42,1
LF:42
LH:29
BRDA:3,0,0,6
BRDA:5,1,0,6
BRDA:8,2,0,0
BRDA:19,3,0,5
BRDA:24,4,0,0
BRDA:28,5,0,1
BRDA:30,6,0,1
BRDA:33,7,0,2
BRDA:35,8,0,1
BRDA:37,9,0,0
BRDA:42,10,0,1
BRDA:42,11,0,5
BRF:12
BRH:9
end_of_record
